<?xml version="1.0" encoding="UTF-8"?>
<!-- Generated by org.testng.reporters.JUnitXMLReporter -->
<testsuite hostname="MNCTVN05589" name="Default test" tests="6" failures="0" timestamp="6 Nov 2020 11:21:46 GMT" time="64.523" errors="0">
  <testcase name="getVoteQuotaCompetitionNow" time="12.329" classname="testcases.CompetitionVote"/>
  <testcase name="getVoteQuotaCompetitionSoon" time="4.684" classname="testcases.CompetitionVote"/>
  <testcase name="getVoteQuotaCompetitionExpired" time="9.641" classname="testcases.CompetitionVote"/>
  <testcase name="VoteCompetitionNow" time="15.971" classname="testcases.CompetitionVote"/>
  <testcase name="VoteCompetitionSoon" time="6.014" classname="testcases.CompetitionVote"/>
  <testcase name="VoteCompetitionExpired" time="15.689" classname="testcases.CompetitionVote"/>
</testsuite> <!-- Default test -->
