<?xml version="1.0" encoding="UTF-8"?>
<testng-results skipped="0" failed="0" total="6" passed="6">
  <reporter-output>
  </reporter-output>
  <suite name="Default suite" duration-ms="64523" started-at="2020-11-06T11:20:42Z" finished-at="2020-11-06T11:21:46Z">
    <groups>
    </groups>
    <test name="Default test" duration-ms="64523" started-at="2020-11-06T11:20:42Z" finished-at="2020-11-06T11:21:46Z">
      <class name="testcases.CompetitionVote">
        <test-method status="PASS" signature="setFilter()[pri:0, instance:testcases.CompetitionVote@77d680e6]" name="setFilter" is-config="true" duration-ms="128" started-at="2020-11-06T18:20:42Z" finished-at="2020-11-06T18:20:42Z">
          <reporter-output>
          </reporter-output>
        </test-method> <!-- setFilter -->
        <test-method status="PASS" signature="getVoteQuotaCompetitionNow()[pri:0, instance:testcases.CompetitionVote@77d680e6]" name="getVoteQuotaCompetitionNow" duration-ms="12329" started-at="2020-11-06T18:20:42Z" finished-at="2020-11-06T18:20:54Z">
          <reporter-output>
          </reporter-output>
        </test-method> <!-- getVoteQuotaCompetitionNow -->
        <test-method status="PASS" signature="setFilter()[pri:0, instance:testcases.CompetitionVote@77d680e6]" name="setFilter" is-config="true" duration-ms="2" started-at="2020-11-06T18:20:54Z" finished-at="2020-11-06T18:20:54Z">
          <reporter-output>
          </reporter-output>
        </test-method> <!-- setFilter -->
        <test-method status="PASS" signature="getVoteQuotaCompetitionSoon()[pri:1, instance:testcases.CompetitionVote@77d680e6]" name="getVoteQuotaCompetitionSoon" duration-ms="4684" started-at="2020-11-06T18:20:54Z" finished-at="2020-11-06T18:20:59Z">
          <reporter-output>
          </reporter-output>
        </test-method> <!-- getVoteQuotaCompetitionSoon -->
        <test-method status="PASS" signature="setFilter()[pri:0, instance:testcases.CompetitionVote@77d680e6]" name="setFilter" is-config="true" duration-ms="1" started-at="2020-11-06T18:20:59Z" finished-at="2020-11-06T18:20:59Z">
          <reporter-output>
          </reporter-output>
        </test-method> <!-- setFilter -->
        <test-method status="PASS" signature="getVoteQuotaCompetitionExpired()[pri:3, instance:testcases.CompetitionVote@77d680e6]" name="getVoteQuotaCompetitionExpired" duration-ms="9641" started-at="2020-11-06T18:20:59Z" finished-at="2020-11-06T18:21:08Z">
          <reporter-output>
          </reporter-output>
        </test-method> <!-- getVoteQuotaCompetitionExpired -->
        <test-method status="PASS" signature="setFilter()[pri:0, instance:testcases.CompetitionVote@77d680e6]" name="setFilter" is-config="true" duration-ms="1" started-at="2020-11-06T18:21:08Z" finished-at="2020-11-06T18:21:08Z">
          <reporter-output>
          </reporter-output>
        </test-method> <!-- setFilter -->
        <test-method status="PASS" signature="VoteCompetitionNow()[pri:4, instance:testcases.CompetitionVote@77d680e6]" name="VoteCompetitionNow" duration-ms="15971" started-at="2020-11-06T18:21:08Z" finished-at="2020-11-06T18:21:24Z">
          <reporter-output>
          </reporter-output>
        </test-method> <!-- VoteCompetitionNow -->
        <test-method status="PASS" signature="setFilter()[pri:0, instance:testcases.CompetitionVote@77d680e6]" name="setFilter" is-config="true" duration-ms="1" started-at="2020-11-06T18:21:24Z" finished-at="2020-11-06T18:21:24Z">
          <reporter-output>
          </reporter-output>
        </test-method> <!-- setFilter -->
        <test-method status="PASS" signature="VoteCompetitionSoon()[pri:5, instance:testcases.CompetitionVote@77d680e6]" name="VoteCompetitionSoon" duration-ms="6014" started-at="2020-11-06T18:21:24Z" finished-at="2020-11-06T18:21:30Z">
          <reporter-output>
          </reporter-output>
        </test-method> <!-- VoteCompetitionSoon -->
        <test-method status="PASS" signature="setFilter()[pri:0, instance:testcases.CompetitionVote@77d680e6]" name="setFilter" is-config="true" duration-ms="1" started-at="2020-11-06T18:21:30Z" finished-at="2020-11-06T18:21:30Z">
          <reporter-output>
          </reporter-output>
        </test-method> <!-- setFilter -->
        <test-method status="PASS" signature="VoteCompetitionExpired()[pri:6, instance:testcases.CompetitionVote@77d680e6]" name="VoteCompetitionExpired" duration-ms="15689" started-at="2020-11-06T18:21:30Z" finished-at="2020-11-06T18:21:46Z">
          <reporter-output>
          </reporter-output>
        </test-method> <!-- VoteCompetitionExpired -->
      </class> <!-- testcases.CompetitionVote -->
    </test> <!-- Default test -->
  </suite> <!-- Default suite -->
</testng-results>
